This file contains any messages produced by compilers while
running configure, to aid debugging if configure makes a mistake.

It was created by configure, which was
generated by GNU Autoconf 2.69.  Invocation command line was

  $ ./configure 

## --------- ##
## Platform. ##
## --------- ##

hostname = Shawns-MacBook-Pro.local
uname -m = arm64
uname -r = 20.6.0
uname -s = Darwin
uname -v = Darwin Kernel Version 20.6.0: Mon Aug 30 06:12:20 PDT 2021; root:xnu-7195.141.6~3/RELEASE_ARM64_T8101

/usr/bin/uname -p = arm
/bin/uname -X     = unknown

/bin/arch              = unknown
/usr/bin/arch -k       = unknown
/usr/convex/getsysinfo = unknown
/usr/bin/hostinfo      = Mach kernel version:
	 Darwin Kernel Version 20.6.0: Mon Aug 30 06:12:20 PDT 2021; root:xnu-7195.141.6~3/RELEASE_ARM64_T8101
Kernel configured for up to 8 processors.
8 processors are physically available.
8 processors are logically available.
Processor type: arm64e (ARM64E)
Processors active: 0 1 2 3 4 5 6 7
Primary memory available: 16.00 gigabytes
Default processor set: 576 tasks, 3966 threads, 8 processors
Load average: 2.52, Mach factor: 5.51
/bin/machine           = unknown
/usr/bin/oslevel       = unknown
/bin/universe          = unknown

PATH: /Users/spresser/.rbenv/shims
PATH: /Users/spresser/scrap/.bin
PATH: /Users/spresser/.nvm/versions/node/v16.14.0/bin
PATH: /Users/spresser/ml/monki4/bin
PATH: /Users/spresser/.pyenv/plugins/pyenv-virtualenv/shims
PATH: /Users/spresser/.nix-profile/bin
PATH: /Users/spresser/scrap
PATH: /Users/spresser/scrap/.bin
PATH: /Users/spresser/ml/monki2/bin
PATH: /Users/spresser/scrap
PATH: /opt/homebrew/bin
PATH: /opt/homebrew/sbin
PATH: /usr/local/bin
PATH: /usr/bin
PATH: /bin
PATH: /usr/sbin
PATH: /sbin
PATH: /opt/homebrew/bin
PATH: /opt/X11/bin
PATH: /Library/Apple/usr/bin
PATH: /Library/Frameworks/Mono.framework/Versions/Current/Commands
PATH: /Users/spresser/.cargo/bin
PATH: /Users/spresser/.local/bin
PATH: /opt/install/emacs-head/bin
PATH: /Users/spresser/ml/LuaJIT/src
PATH: /Users/spresser/ml/monki/bin
PATH: /Users/spresser/ml/gollum/bin
PATH: /Users/spresser/ml/vcpkg
PATH: /Users/spresser/ml/pymen/bin
PATH: /Users/spresser/ml/zuo/install/bin
PATH: /Users/spresser/.local/bin
PATH: /opt/install/emacs-head/bin
PATH: /Users/spresser/ml/LuaJIT/src
PATH: /Users/spresser/ml/gollum/bin
PATH: /Users/spresser/ml/vcpkg
PATH: /Users/spresser/ml/pymen/bin
PATH: /Users/spresser/ml/zuo/install/bin


## ----------- ##
## Core tests. ##
## ----------- ##

configure:2203: checking build system type
configure:2217: result: aarch64-apple-darwin20.6.0
configure:2237: checking host system type
configure:2250: result: aarch64-apple-darwin20.6.0
configure:2270: checking target system type
configure:2283: result: aarch64-apple-darwin20.6.0
configure:2399: checking for gcc
configure:2415: found /usr/bin/gcc
configure:2426: result: gcc
configure:2655: checking for C compiler version
configure:2664: gcc --version >&5
Apple clang version 13.0.0 (clang-1300.0.29.3)
Target: arm64-apple-darwin20.6.0
Thread model: posix
InstalledDir: /Applications/Xcode.app/Contents/Developer/Toolchains/XcodeDefault.xctoolchain/usr/bin
Configured with: --prefix=/Applications/Xcode.app/Contents/Developer/usr --with-gxx-include-dir=/Applications/Xcode.app/Contents/Developer/Platforms/MacOSX.platform/Developer/SDKs/MacOSX.sdk/usr/include/c++/4.2.1
configure:2675: $? = 0
configure:2664: gcc -v >&5
Configured with: --prefix=/Applications/Xcode.app/Contents/Developer/usr --with-gxx-include-dir=/Applications/Xcode.app/Contents/Developer/Platforms/MacOSX.platform/Developer/SDKs/MacOSX.sdk/usr/include/c++/4.2.1
Apple clang version 13.0.0 (clang-1300.0.29.3)
Target: arm64-apple-darwin20.6.0
Thread model: posix
InstalledDir: /Applications/Xcode.app/Contents/Developer/Toolchains/XcodeDefault.xctoolchain/usr/bin
configure:2675: $? = 0
configure:2664: gcc -V >&5
clang: error: argument to '-V' is missing (expected 1 value)
clang: error: no input files
configure:2675: $? = 1
configure:2664: gcc -qversion >&5
clang: error: unknown argument '-qversion'; did you mean '--version'?
clang: error: no input files
configure:2675: $? = 1
configure:2695: checking whether the C compiler works
configure:2717: gcc    conftest.c  >&5
configure:2721: $? = 0
configure:2769: result: yes
configure:2772: checking for C compiler default output file name
configure:2774: result: a.out
configure:2780: checking for suffix of executables
configure:2787: gcc -o conftest    conftest.c  >&5
configure:2791: $? = 0
configure:2813: result: 
configure:2835: checking whether we are cross compiling
configure:2843: gcc -o conftest    conftest.c  >&5
configure:2847: $? = 0
configure:2854: ./conftest
configure:2858: $? = 0
configure:2873: result: no
configure:2878: checking for suffix of object files
configure:2900: gcc -c   conftest.c >&5
configure:2904: $? = 0
configure:2925: result: o
configure:2929: checking whether we are using the GNU C compiler
configure:2948: gcc -c   conftest.c >&5
configure:2948: $? = 0
configure:2957: result: yes
configure:2966: checking whether gcc accepts -g
configure:2986: gcc -c -g  conftest.c >&5
configure:2986: $? = 0
configure:3027: result: yes
configure:3044: checking for gcc option to accept ISO C89
configure:3107: gcc  -c -g -O2  conftest.c >&5
configure:3107: $? = 0
configure:3120: result: none needed
configure:3189: checking for ranlib
configure:3205: found /usr/bin/ranlib
configure:3216: result: ranlib
configure:3242: checking for ar
configure:3258: found /usr/bin/ar
configure:3270: result: yes
configure:3287: checking for fmod in -lm
configure:3312: gcc -o conftest -g -O2 -Wall   conftest.c -lm   >&5
conftest.c:16:6: warning: incompatible redeclaration of library function 'fmod' [-Wincompatible-library-redeclaration]
char fmod ();
     ^
conftest.c:16:6: note: 'fmod' is a builtin with type 'double (double, double)'
1 warning generated.
configure:3312: $? = 0
configure:3321: result: yes
configure:3332: checking for dlopen in -ldl
configure:3357: gcc -o conftest -g -O2 -Wall   conftest.c -ldl  -lm  >&5
configure:3357: $? = 0
configure:3366: result: yes
configure:3470: checking how to run the C preprocessor
configure:3501: gcc -E  conftest.c
configure:3501: $? = 0
configure:3515: gcc -E  conftest.c
conftest.c:11:10: fatal error: 'ac_nonexistent.h' file not found
#include <ac_nonexistent.h>
         ^~~~~~~~~~~~~~~~~~
1 error generated.
configure:3515: $? = 1
configure: failed program was:
| /* confdefs.h */
| #define PACKAGE_NAME ""
| #define PACKAGE_TARNAME ""
| #define PACKAGE_VERSION ""
| #define PACKAGE_STRING ""
| #define PACKAGE_BUGREPORT ""
| #define PACKAGE_URL ""
| #define HAVE_LIBM 1
| #define HAVE_LIBDL 1
| /* end confdefs.h.  */
| #include <ac_nonexistent.h>
configure:3540: result: gcc -E
configure:3560: gcc -E  conftest.c
configure:3560: $? = 0
configure:3574: gcc -E  conftest.c
conftest.c:11:10: fatal error: 'ac_nonexistent.h' file not found
#include <ac_nonexistent.h>
         ^~~~~~~~~~~~~~~~~~
1 error generated.
configure:3574: $? = 1
configure: failed program was:
| /* confdefs.h */
| #define PACKAGE_NAME ""
| #define PACKAGE_TARNAME ""
| #define PACKAGE_VERSION ""
| #define PACKAGE_STRING ""
| #define PACKAGE_BUGREPORT ""
| #define PACKAGE_URL ""
| #define HAVE_LIBM 1
| #define HAVE_LIBDL 1
| /* end confdefs.h.  */
| #include <ac_nonexistent.h>
configure:3603: checking for grep that handles long lines and -e
configure:3661: result: /usr/bin/grep
configure:3666: checking for egrep
configure:3728: result: /usr/bin/grep -E
configure:3733: checking for ANSI C header files
configure:3753: gcc -c -g -O2 -Wall  conftest.c >&5
configure:3753: $? = 0
configure:3826: gcc -o conftest -g -O2 -Wall   conftest.c -ldl -lm  >&5
configure:3826: $? = 0
configure:3826: ./conftest
configure:3826: $? = 0
configure:3837: result: yes
configure:3850: checking for sys/types.h
configure:3850: gcc -c -g -O2 -Wall  conftest.c >&5
configure:3850: $? = 0
configure:3850: result: yes
configure:3850: checking for sys/stat.h
configure:3850: gcc -c -g -O2 -Wall  conftest.c >&5
configure:3850: $? = 0
configure:3850: result: yes
configure:3850: checking for stdlib.h
configure:3850: gcc -c -g -O2 -Wall  conftest.c >&5
configure:3850: $? = 0
configure:3850: result: yes
configure:3850: checking for string.h
configure:3850: gcc -c -g -O2 -Wall  conftest.c >&5
configure:3850: $? = 0
configure:3850: result: yes
configure:3850: checking for memory.h
configure:3850: gcc -c -g -O2 -Wall  conftest.c >&5
configure:3850: $? = 0
configure:3850: result: yes
configure:3850: checking for strings.h
configure:3850: gcc -c -g -O2 -Wall  conftest.c >&5
configure:3850: $? = 0
configure:3850: result: yes
configure:3850: checking for inttypes.h
configure:3850: gcc -c -g -O2 -Wall  conftest.c >&5
configure:3850: $? = 0
configure:3850: result: yes
configure:3850: checking for stdint.h
configure:3850: gcc -c -g -O2 -Wall  conftest.c >&5
configure:3850: $? = 0
configure:3850: result: yes
configure:3850: checking for unistd.h
configure:3850: gcc -c -g -O2 -Wall  conftest.c >&5
configure:3850: $? = 0
configure:3850: result: yes
configure:3863: checking for intptr_t
configure:3863: gcc -c -g -O2 -Wall  conftest.c >&5
configure:3863: $? = 0
configure:3863: gcc -c -g -O2 -Wall  conftest.c >&5
conftest.c:57:23: error: expected expression
if (sizeof ((intptr_t)))
                      ^
1 error generated.
configure:3863: $? = 1
configure: failed program was:
| /* confdefs.h */
| #define PACKAGE_NAME ""
| #define PACKAGE_TARNAME ""
| #define PACKAGE_VERSION ""
| #define PACKAGE_STRING ""
| #define PACKAGE_BUGREPORT ""
| #define PACKAGE_URL ""
| #define HAVE_LIBM 1
| #define HAVE_LIBDL 1
| #define STDC_HEADERS 1
| #define HAVE_SYS_TYPES_H 1
| #define HAVE_SYS_STAT_H 1
| #define HAVE_STDLIB_H 1
| #define HAVE_STRING_H 1
| #define HAVE_MEMORY_H 1
| #define HAVE_STRINGS_H 1
| #define HAVE_INTTYPES_H 1
| #define HAVE_STDINT_H 1
| #define HAVE_UNISTD_H 1
| /* end confdefs.h.  */
| #include <stdio.h>
| #ifdef HAVE_SYS_TYPES_H
| # include <sys/types.h>
| #endif
| #ifdef HAVE_SYS_STAT_H
| # include <sys/stat.h>
| #endif
| #ifdef STDC_HEADERS
| # include <stdlib.h>
| # include <stddef.h>
| #else
| # ifdef HAVE_STDLIB_H
| #  include <stdlib.h>
| # endif
| #endif
| #ifdef HAVE_STRING_H
| # if !defined STDC_HEADERS && defined HAVE_MEMORY_H
| #  include <memory.h>
| # endif
| # include <string.h>
| #endif
| #ifdef HAVE_STRINGS_H
| # include <strings.h>
| #endif
| #ifdef HAVE_INTTYPES_H
| # include <inttypes.h>
| #endif
| #ifdef HAVE_STDINT_H
| # include <stdint.h>
| #endif
| #ifdef HAVE_UNISTD_H
| # include <unistd.h>
| #endif
| int
| main ()
| {
| if (sizeof ((intptr_t)))
| 	    return 0;
|   ;
|   return 0;
| }
configure:3863: result: yes
configure:3899: checking for uintptr_t
configure:3899: gcc -c -g -O2 -Wall  conftest.c >&5
configure:3899: $? = 0
configure:3899: gcc -c -g -O2 -Wall  conftest.c >&5
conftest.c:58:24: error: expected expression
if (sizeof ((uintptr_t)))
                       ^
1 error generated.
configure:3899: $? = 1
configure: failed program was:
| /* confdefs.h */
| #define PACKAGE_NAME ""
| #define PACKAGE_TARNAME ""
| #define PACKAGE_VERSION ""
| #define PACKAGE_STRING ""
| #define PACKAGE_BUGREPORT ""
| #define PACKAGE_URL ""
| #define HAVE_LIBM 1
| #define HAVE_LIBDL 1
| #define STDC_HEADERS 1
| #define HAVE_SYS_TYPES_H 1
| #define HAVE_SYS_STAT_H 1
| #define HAVE_STDLIB_H 1
| #define HAVE_STRING_H 1
| #define HAVE_MEMORY_H 1
| #define HAVE_STRINGS_H 1
| #define HAVE_INTTYPES_H 1
| #define HAVE_STDINT_H 1
| #define HAVE_UNISTD_H 1
| #define HAVE_INTPTR_T 1
| /* end confdefs.h.  */
| #include <stdio.h>
| #ifdef HAVE_SYS_TYPES_H
| # include <sys/types.h>
| #endif
| #ifdef HAVE_SYS_STAT_H
| # include <sys/stat.h>
| #endif
| #ifdef STDC_HEADERS
| # include <stdlib.h>
| # include <stddef.h>
| #else
| # ifdef HAVE_STDLIB_H
| #  include <stdlib.h>
| # endif
| #endif
| #ifdef HAVE_STRING_H
| # if !defined STDC_HEADERS && defined HAVE_MEMORY_H
| #  include <memory.h>
| # endif
| # include <string.h>
| #endif
| #ifdef HAVE_STRINGS_H
| # include <strings.h>
| #endif
| #ifdef HAVE_INTTYPES_H
| # include <inttypes.h>
| #endif
| #ifdef HAVE_STDINT_H
| # include <stdint.h>
| #endif
| #ifdef HAVE_UNISTD_H
| # include <unistd.h>
| #endif
| int
| main ()
| {
| if (sizeof ((uintptr_t)))
| 	    return 0;
|   ;
|   return 0;
| }
configure:3899: result: yes
configure:3936: checking whether byte ordering is bigendian
configure:3951: gcc -c -g -O2 -Wall  conftest.c >&5
configure:3951: $? = 0
configure:3996: gcc -c -g -O2 -Wall  conftest.c >&5
configure:3996: $? = 0
configure:4014: gcc -c -g -O2 -Wall  conftest.c >&5
conftest.c:30:4: error: use of undeclared identifier 'not'
                 not big endian
                 ^
1 error generated.
configure:4014: $? = 1
configure: failed program was:
| /* confdefs.h */
| #define PACKAGE_NAME ""
| #define PACKAGE_TARNAME ""
| #define PACKAGE_VERSION ""
| #define PACKAGE_STRING ""
| #define PACKAGE_BUGREPORT ""
| #define PACKAGE_URL ""
| #define HAVE_LIBM 1
| #define HAVE_LIBDL 1
| #define STDC_HEADERS 1
| #define HAVE_SYS_TYPES_H 1
| #define HAVE_SYS_STAT_H 1
| #define HAVE_STDLIB_H 1
| #define HAVE_STRING_H 1
| #define HAVE_MEMORY_H 1
| #define HAVE_STRINGS_H 1
| #define HAVE_INTTYPES_H 1
| #define HAVE_STDINT_H 1
| #define HAVE_UNISTD_H 1
| #define HAVE_INTPTR_T 1
| #define HAVE_UINTPTR_T 1
| /* end confdefs.h.  */
| #include <sys/types.h>
| 		#include <sys/param.h>
| 
| int
| main ()
| {
| #if BYTE_ORDER != BIG_ENDIAN
| 		 not big endian
| 		#endif
| 
|   ;
|   return 0;
| }
configure:4142: result: no
configure:4173: checking for struct dirent.d_namelen
configure:4173: gcc -c -g -O2 -Wall  conftest.c >&5
conftest.c:29:13: error: no member named 'd_namelen' in 'struct dirent'; did you mean 'd_namlen'?
if (ac_aggr.d_namelen)
            ^~~~~~~~~
            d_namlen
/Applications/Xcode.app/Contents/Developer/Platforms/MacOSX.platform/Developer/SDKs/MacOSX.sdk/usr/include/sys/dirent.h:112:15: note: 'd_namlen' declared here
struct dirent __DARWIN_STRUCT_DIRENTRY;
              ^
/Applications/Xcode.app/Contents/Developer/Platforms/MacOSX.platform/Developer/SDKs/MacOSX.sdk/usr/include/sys/dirent.h:106:14: note: expanded from macro '__DARWIN_STRUCT_DIRENTRY'
        __uint16_t  d_namlen;   /* length of string in d_name */ \
                    ^
1 error generated.
configure:4173: $? = 1
configure: failed program was:
| /* confdefs.h */
| #define PACKAGE_NAME ""
| #define PACKAGE_TARNAME ""
| #define PACKAGE_VERSION ""
| #define PACKAGE_STRING ""
| #define PACKAGE_BUGREPORT ""
| #define PACKAGE_URL ""
| #define HAVE_LIBM 1
| #define HAVE_LIBDL 1
| #define STDC_HEADERS 1
| #define HAVE_SYS_TYPES_H 1
| #define HAVE_SYS_STAT_H 1
| #define HAVE_STDLIB_H 1
| #define HAVE_STRING_H 1
| #define HAVE_MEMORY_H 1
| #define HAVE_STRINGS_H 1
| #define HAVE_INTTYPES_H 1
| #define HAVE_STDINT_H 1
| #define HAVE_UNISTD_H 1
| #define HAVE_INTPTR_T 1
| #define HAVE_UINTPTR_T 1
| /* end confdefs.h.  */
| #include <dirent.h>
| 
| int
| main ()
| {
| static struct dirent ac_aggr;
| if (ac_aggr.d_namelen)
| return 0;
|   ;
|   return 0;
| }
configure:4173: gcc -c -g -O2 -Wall  conftest.c >&5
conftest.c:29:20: error: no member named 'd_namelen' in 'struct dirent'; did you mean 'd_namlen'?
if (sizeof ac_aggr.d_namelen)
                   ^~~~~~~~~
                   d_namlen
/Applications/Xcode.app/Contents/Developer/Platforms/MacOSX.platform/Developer/SDKs/MacOSX.sdk/usr/include/sys/dirent.h:112:15: note: 'd_namlen' declared here
struct dirent __DARWIN_STRUCT_DIRENTRY;
              ^
/Applications/Xcode.app/Contents/Developer/Platforms/MacOSX.platform/Developer/SDKs/MacOSX.sdk/usr/include/sys/dirent.h:106:14: note: expanded from macro '__DARWIN_STRUCT_DIRENTRY'
        __uint16_t  d_namlen;   /* length of string in d_name */ \
                    ^
1 error generated.
configure:4173: $? = 1
configure: failed program was:
| /* confdefs.h */
| #define PACKAGE_NAME ""
| #define PACKAGE_TARNAME ""
| #define PACKAGE_VERSION ""
| #define PACKAGE_STRING ""
| #define PACKAGE_BUGREPORT ""
| #define PACKAGE_URL ""
| #define HAVE_LIBM 1
| #define HAVE_LIBDL 1
| #define STDC_HEADERS 1
| #define HAVE_SYS_TYPES_H 1
| #define HAVE_SYS_STAT_H 1
| #define HAVE_STDLIB_H 1
| #define HAVE_STRING_H 1
| #define HAVE_MEMORY_H 1
| #define HAVE_STRINGS_H 1
| #define HAVE_INTTYPES_H 1
| #define HAVE_STDINT_H 1
| #define HAVE_UNISTD_H 1
| #define HAVE_INTPTR_T 1
| #define HAVE_UINTPTR_T 1
| /* end confdefs.h.  */
| #include <dirent.h>
| 
| int
| main ()
| {
| static struct dirent ac_aggr;
| if (sizeof ac_aggr.d_namelen)
| return 0;
|   ;
|   return 0;
| }
configure:4173: result: no
configure:4181: checking for struct dirent.d_namlen
configure:4181: gcc -c -g -O2 -Wall  conftest.c >&5
configure:4181: $? = 0
configure:4181: result: yes
configure:4191: checking for xlocale.h
configure:4201: gcc -c -g -O2 -Wall  conftest.c >&5
configure:4201: $? = 0
configure:4210: result: yes
configure:4218: checking for xlocale functions
configure:4235: gcc -o conftest -g -O2 -Wall -DRKTIO_USE_XLOCALE_HEADER   conftest.c -ldl -lm  >&5
configure:4235: $? = 0
configure:4245: result: yes
configure:4249: checking for getaddrinfo
configure:4264: gcc -o conftest -g -O2 -Wall   conftest.c -ldl -lm  >&5
configure:4264: $? = 0
configure:4274: result: yes
configure:4280: checking iconv.h usability
configure:4280: gcc -c -g -O2 -Wall  conftest.c >&5
configure:4280: $? = 0
configure:4280: result: yes
configure:4280: checking iconv.h presence
configure:4280: gcc -E  conftest.c
configure:4280: $? = 0
configure:4280: result: yes
configure:4280: checking for iconv.h
configure:4280: result: yes
configure:4302: gcc -o conftest -g -O2 -Wall   conftest.c -ldl -lm  >&5
Undefined symbols for architecture arm64:
  "_iconv_open", referenced from:
      _main in conftest-a98388.o
ld: symbol(s) not found for architecture arm64
clang: error: linker command failed with exit code 1 (use -v to see invocation)
configure:4302: $? = 1
configure: program exited with status 1
configure: failed program was:
| /* confdefs.h */
| #define PACKAGE_NAME ""
| #define PACKAGE_TARNAME ""
| #define PACKAGE_VERSION ""
| #define PACKAGE_STRING ""
| #define PACKAGE_BUGREPORT ""
| #define PACKAGE_URL ""
| #define HAVE_LIBM 1
| #define HAVE_LIBDL 1
| #define STDC_HEADERS 1
| #define HAVE_SYS_TYPES_H 1
| #define HAVE_SYS_STAT_H 1
| #define HAVE_STDLIB_H 1
| #define HAVE_STRING_H 1
| #define HAVE_MEMORY_H 1
| #define HAVE_STRINGS_H 1
| #define HAVE_INTTYPES_H 1
| #define HAVE_STDINT_H 1
| #define HAVE_UNISTD_H 1
| #define HAVE_INTPTR_T 1
| #define HAVE_UINTPTR_T 1
| #define HAVE_DIRENT_NAMLEN 1
| #define RKTIO_USE_XLOCALE_HEADER 1
| #define RKTIO_USE_XLOCALE 1
| #define HAVE_GETADDRINFO 1
| /* end confdefs.h.  */
|    #include <iconv.h>
|    #include <langinfo.h>
|     int main() {
|      iconv_open("UTF-8", "UTF-8");
|       return 0;
|     }
configure:4328: gcc -o conftest -g -O2 -Wall   conftest.c -ldl -lm  -liconv >&5
configure:4328: $? = 0
configure:4328: ./conftest
configure:4328: $? = 0
configure:4346: checking iconv is usable
configure:4349: result: yes -liconv
configure:4359: checking for nl_langinfo (CODESET)
configure:4372: gcc -o conftest -g -O2 -Wall   conftest.c -ldl -lm  -liconv >&5
conftest.c:31:7: warning: unused variable 'codeset' [-Wunused-variable]
char *codeset = nl_langinfo (CODESET);
      ^
1 warning generated.
configure:4372: $? = 0
configure:4382: result: yes
configure:4387: checking for mbsrtowcs
configure:4402: gcc -o conftest -g -O2 -Wall   conftest.c -ldl -lm  -liconv >&5
configure:4402: $? = 0
configure:4412: result: yes
configure:4517: checking for kqueue
configure:4535: gcc -o conftest -g -O2 -Wall   conftest.c -ldl -lm  -liconv >&5
configure:4535: $? = 0
configure:4542: result: yes
configure:4792: creating ./config.status

## ---------------------- ##
## Running config.status. ##
## ---------------------- ##

This file was extended by config.status, which was
generated by GNU Autoconf 2.69.  Invocation command line was

  CONFIG_FILES    = 
  CONFIG_HEADERS  = 
  CONFIG_LINKS    = 
  CONFIG_COMMANDS = 
  $ ./config.status 

on Shawns-MacBook-Pro.local

config.status:834: creating Makefile
config.status:834: creating rktio_config.h
config.status:1004: rktio_config.h is unchanged

## ---------------- ##
## Cache variables. ##
## ---------------- ##

ac_cv_build=aarch64-apple-darwin20.6.0
ac_cv_c_bigendian=no
ac_cv_c_compiler_gnu=yes
ac_cv_env_CC_set=
ac_cv_env_CC_value=
ac_cv_env_CFLAGS_set=
ac_cv_env_CFLAGS_value=
ac_cv_env_CPPFLAGS_set=
ac_cv_env_CPPFLAGS_value=
ac_cv_env_CPP_set=
ac_cv_env_CPP_value=
ac_cv_env_LDFLAGS_set=
ac_cv_env_LDFLAGS_value=
ac_cv_env_LIBS_set=
ac_cv_env_LIBS_value=
ac_cv_env_build_alias_set=
ac_cv_env_build_alias_value=
ac_cv_env_host_alias_set=
ac_cv_env_host_alias_value=
ac_cv_env_target_alias_set=
ac_cv_env_target_alias_value=
ac_cv_header_iconv_h=yes
ac_cv_header_inttypes_h=yes
ac_cv_header_memory_h=yes
ac_cv_header_stdc=yes
ac_cv_header_stdint_h=yes
ac_cv_header_stdlib_h=yes
ac_cv_header_string_h=yes
ac_cv_header_strings_h=yes
ac_cv_header_sys_stat_h=yes
ac_cv_header_sys_types_h=yes
ac_cv_header_unistd_h=yes
ac_cv_host=aarch64-apple-darwin20.6.0
ac_cv_lib_dl_dlopen=yes
ac_cv_lib_m_fmod=yes
ac_cv_member_struct_dirent_d_namelen=no
ac_cv_member_struct_dirent_d_namlen=yes
ac_cv_objext=o
ac_cv_path_EGREP='/usr/bin/grep -E'
ac_cv_path_GREP=/usr/bin/grep
ac_cv_prog_CPP='gcc -E'
ac_cv_prog_ac_ct_CC=gcc
ac_cv_prog_ac_ct_RANLIB=ranlib
ac_cv_prog_cc_c89=
ac_cv_prog_cc_g=yes
ac_cv_prog_platform_ar_found=yes
ac_cv_target=aarch64-apple-darwin20.6.0
ac_cv_type_intptr_t=yes
ac_cv_type_uintptr_t=yes

## ----------------- ##
## Output variables. ##
## ----------------- ##

AR='ar'
ARFLAGS='rc'
AS_STANDALONE='f'
CC='gcc'
CFLAGS='-g -O2 -Wall'
CPP='gcc -E'
CPPFLAGS='  -DOS_X -D_DARWIN_UNLIMITED_SELECT'
DEFS='-DHAVE_CONFIG_H'
ECHO_C='\c'
ECHO_N=''
ECHO_T=''
EGREP='/usr/bin/grep -E'
EXEEXT=''
GREP='/usr/bin/grep'
HAVE_DIRENT_NAMELEN=''
HAVE_DIRENT_NAMLEN=''
ICP_LIB='cp'
LDFLAGS=''
LIBOBJS=''
LIBS='-ldl -lm  -liconv'
LIBSFX='so'
LTA='a'
LTLIBOBJS=''
LTO='o'
OBJEXT='o'
PACKAGE_BUGREPORT=''
PACKAGE_NAME=''
PACKAGE_STRING=''
PACKAGE_TARNAME=''
PACKAGE_URL=''
PACKAGE_VERSION=''
PATH_SEPARATOR=':'
RANLIB='ranlib'
RKTIO_NO_ICONV=''
RKTLINKER='gcc'
SHELL='/bin/sh'
STATIC_AR='ar'
ac_ct_CC='gcc'
bindir='${exec_prefix}/bin'
build='aarch64-apple-darwin20.6.0'
build_alias=''
build_cpu='aarch64'
build_os='darwin20.6.0'
build_vendor='apple'
datadir='${datarootdir}'
datarootdir='${prefix}/share'
docdir='${datarootdir}/doc/${PACKAGE}'
dvidir='${docdir}'
exec_prefix='${prefix}'
host='aarch64-apple-darwin20.6.0'
host_alias=''
host_cpu='aarch64'
host_os='darwin20.6.0'
host_vendor='apple'
htmldir='${docdir}'
includedir='${prefix}/include'
infodir='${datarootdir}/info'
libdir='${exec_prefix}/lib'
libexecdir='${exec_prefix}/libexec'
localedir='${datarootdir}/locale'
localstatedir='${prefix}/var'
mandir='${datarootdir}/man'
oldincludedir='/usr/include'
pdfdir='${docdir}'
platform_ar_found='yes'
prefix='/usr/local'
program_transform_name='s,x,x,'
psdir='${docdir}'
sbindir='${exec_prefix}/sbin'
sharedstatedir='${prefix}/com'
sysconfdir='${prefix}/etc'
target='aarch64-apple-darwin20.6.0'
target_alias=''
target_cpu='aarch64'
target_os='darwin20.6.0'
target_vendor='apple'

## ----------- ##
## confdefs.h. ##
## ----------- ##

/* confdefs.h */
#define PACKAGE_NAME ""
#define PACKAGE_TARNAME ""
#define PACKAGE_VERSION ""
#define PACKAGE_STRING ""
#define PACKAGE_BUGREPORT ""
#define PACKAGE_URL ""
#define HAVE_LIBM 1
#define HAVE_LIBDL 1
#define STDC_HEADERS 1
#define HAVE_SYS_TYPES_H 1
#define HAVE_SYS_STAT_H 1
#define HAVE_STDLIB_H 1
#define HAVE_STRING_H 1
#define HAVE_MEMORY_H 1
#define HAVE_STRINGS_H 1
#define HAVE_INTTYPES_H 1
#define HAVE_STDINT_H 1
#define HAVE_UNISTD_H 1
#define HAVE_INTPTR_T 1
#define HAVE_UINTPTR_T 1
#define HAVE_DIRENT_NAMLEN 1
#define RKTIO_USE_XLOCALE_HEADER 1
#define RKTIO_USE_XLOCALE 1
#define HAVE_GETADDRINFO 1
#define RKTIO_HAVE_CODESET 1
#define HAVE_KQUEUE_SYSCALL 1
#define RKTIO_USE_PTHREADS 1

configure: exit 0
